# JRE version: Java(TM) SE Runtime Environment (17.0.10+11) (build 17.0.10+11-LTS-240)
# Java VM: Java HotSpot(TM) 64-Bit Server VM (17.0.10+11-LTS-240, mixed mode, sharing, tiered, compressed oops, compressed class ptrs, g1 gc, windows-amd64)
GC Precious Log:
 CPUs: 12 total, 12 available
 Memory: 5989M
 Large Page Support: Disabled
 NUMA Support: Disabled
 Compressed Oops: Enabled (32-bit)
 Heap Region Size: 1M
 Heap Min Capacity: 8M
 Heap Initial Capacity: 94M
 Heap Max Capacity: 1498M
 Pre-touch: Disabled
 Parallel Workers: 10
 Concurrent Workers: 3
 Concurrent Refinement Workers: 10
 Periodic GC: Disabled
Heap:
 garbage-first heap   total 115712K, used 52715K [0x00000000a2600000, 0x0000000100000000)
  region size 1024K, 4 young (4096K), 3 survivors (3072K)
 Metaspace       used 31985K, committed 32384K, reserved 1114112K
  class space    used 3630K, committed 3840K, reserved 1048576K
GC Heap History (20 events):
Event: 25.529 GC heap before
{Heap before GC invocations=6 (full 0):
 garbage-first heap   total 96256K, used 71168K [0x00000000a2600000, 0x0000000100000000)
  region size 1024K, 47 young (48128K), 6 survivors (6144K)
 Metaspace       used 25655K, committed 25984K, reserved 1114112K
  class space    used 2971K, committed 3136K, reserved 1048576K
}
Event: 25.559 GC heap after
{Heap after GC invocations=7 (full 0):
 garbage-first heap   total 96256K, used 40927K [0x00000000a2600000, 0x0000000100000000)
  region size 1024K, 6 young (6144K), 6 survivors (6144K)
 Metaspace       used 25655K, committed 25984K, reserved 1114112K
  class space    used 2971K, committed 3136K, reserved 1048576K
}
Event: 33.331 GC heap before
{Heap before GC invocations=7 (full 0):
 garbage-first heap   total 96256K, used 67551K [0x00000000a2600000, 0x0000000100000000)
  region size 1024K, 33 young (33792K), 6 survivors (6144K)
 Metaspace       used 27122K, committed 27520K, reserved 1114112K
  class space    used 3137K, committed 3328K, reserved 1048576K
}
Event: 33.340 GC heap after
{Heap after GC invocations=8 (full 0):
 garbage-first heap   total 96256K, used 43520K [0x00000000a2600000, 0x0000000100000000)
  region size 1024K, 2 young (2048K), 2 survivors (2048K)
 Metaspace       used 27122K, committed 27520K, reserved 1114112K
  class space    used 3137K, committed 3328K, reserved 1048576K
}
Event: 35.427 GC heap before
{Heap before GC invocations=8 (full 0):
 garbage-first heap   total 96256K, used 72192K [0x00000000a2600000, 0x0000000100000000)
  region size 1024K, 29 young (29696K), 2 survivors (2048K)
 Metaspace       used 29247K, committed 29632K, reserved 1114112K
  class space    used 3385K, committed 3584K, reserved 1048576K
}
Event: 35.437 GC heap after
{Heap after GC invocations=9 (full 0):
 garbage-first heap   total 96256K, used 44526K [0x00000000a2600000, 0x0000000100000000)
  region size 1024K, 3 young (3072K), 3 survivors (3072K)
 Metaspace       used 29247K, committed 29632K, reserved 1114112K
  class space    used 3385K, committed 3584K, reserved 1048576K
}
Event: 36.127 GC heap before
{Heap before GC invocations=9 (full 0):
 garbage-first heap   total 96256K, used 49646K [0x00000000a2600000, 0x0000000100000000)
  region size 1024K, 9 young (9216K), 3 survivors (3072K)
 Metaspace       used 29292K, committed 29696K, reserved 1114112K
  class space    used 3386K, committed 3584K, reserved 1048576K
}
Event: 36.135 GC heap after
{Heap after GC invocations=10 (full 0):
 garbage-first heap   total 96256K, used 44978K [0x00000000a2600000, 0x0000000100000000)
  region size 1024K, 2 young (2048K), 2 survivors (2048K)
 Metaspace       used 29292K, committed 29696K, reserved 1114112K
  class space    used 3386K, committed 3584K, reserved 1048576K
}
Event: 36.908 GC heap before
{Heap before GC invocations=11 (full 0):
 garbage-first heap   total 96256K, used 76722K [0x00000000a2600000, 0x0000000100000000)
  region size 1024K, 30 young (30720K), 2 survivors (2048K)
 Metaspace       used 29360K, committed 29696K, reserved 1114112K
  class space    used 3387K, committed 3584K, reserved 1048576K
}
Event: 36.931 GC heap after
{Heap after GC invocations=12 (full 0):
 garbage-first heap   total 96256K, used 63264K [0x00000000a2600000, 0x0000000100000000)
  region size 1024K, 4 young (4096K), 4 survivors (4096K)
 Metaspace       used 29360K, committed 29696K, reserved 1114112K
  class space    used 3387K, committed 3584K, reserved 1048576K
}
Event: 36.985 GC heap before
{Heap before GC invocations=12 (full 0):
 garbage-first heap   total 96256K, used 64288K [0x00000000a2600000, 0x0000000100000000)
  region size 1024K, 5 young (5120K), 4 survivors (4096K)
 Metaspace       used 29366K, committed 29696K, reserved 1114112K
  class space    used 3387K, committed 3584K, reserved 1048576K
}
Event: 36.997 GC heap after
{Heap after GC invocations=13 (full 0):
 garbage-first heap   total 115712K, used 54898K [0x00000000a2600000, 0x0000000100000000)
  region size 1024K, 1 young (1024K), 1 survivors (1024K)
 Metaspace       used 29366K, committed 29696K, reserved 1114112K
  class space    used 3387K, committed 3584K, reserved 1048576K
}
Event: 37.117 GC heap before
{Heap before GC invocations=13 (full 0):
 garbage-first heap   total 115712K, used 57970K [0x00000000a2600000, 0x0000000100000000)
  region size 1024K, 5 young (5120K), 1 survivors (1024K)
 Metaspace       used 29366K, committed 29696K, reserved 1114112K
  class space    used 3387K, committed 3584K, reserved 1048576K
}
Event: 37.120 GC heap after
{Heap after GC invocations=14 (full 0):
 garbage-first heap   total 115712K, used 56387K [0x00000000a2600000, 0x0000000100000000)
  region size 1024K, 1 young (1024K), 1 survivors (1024K)
 Metaspace       used 29366K, committed 29696K, reserved 1114112K
  class space    used 3387K, committed 3584K, reserved 1048576K
}
Event: 38.209 GC heap before
{Heap before GC invocations=14 (full 0):
 garbage-first heap   total 115712K, used 80963K [0x00000000a2600000, 0x0000000100000000)
  region size 1024K, 26 young (26624K), 1 survivors (1024K)
 Metaspace       used 29939K, committed 30272K, reserved 1114112K
  class space    used 3461K, committed 3648K, reserved 1048576K
}
Event: 38.218 GC heap after
{Heap after GC invocations=15 (full 0):
 garbage-first heap   total 115712K, used 60143K [0x00000000a2600000, 0x0000000100000000)
  region size 1024K, 4 young (4096K), 4 survivors (4096K)
 Metaspace       used 29939K, committed 30272K, reserved 1114112K
  class space    used 3461K, committed 3648K, reserved 1048576K
}
Event: 39.420 GC heap before
{Heap before GC invocations=16 (full 0):
 garbage-first heap   total 115712K, used 79599K [0x00000000a2600000, 0x0000000100000000)
  region size 1024K, 28 young (28672K), 4 survivors (4096K)
 Metaspace       used 29145K, committed 29568K, reserved 1114112K
  class space    used 3355K, committed 3584K, reserved 1048576K
}
Event: 39.426 GC heap after
{Heap after GC invocations=17 (full 0):
 garbage-first heap   total 115712K, used 54137K [0x00000000a2600000, 0x0000000100000000)
  region size 1024K, 1 young (1024K), 1 survivors (1024K)
 Metaspace       used 29145K, committed 29568K, reserved 1114112K
  class space    used 3355K, committed 3584K, reserved 1048576K
}
Event: 39.671 GC heap before
{Heap before GC invocations=17 (full 0):
 garbage-first heap   total 115712K, used 58233K [0x00000000a2600000, 0x0000000100000000)
  region size 1024K, 5 young (5120K), 1 survivors (1024K)
 Metaspace       used 29153K, committed 29568K, reserved 1114112K
  class space    used 3355K, committed 3584K, reserved 1048576K
}
Event: 39.686 GC heap after
{Heap after GC invocations=18 (full 0):
 garbage-first heap   total 115712K, used 51016K [0x00000000a2600000, 0x0000000100000000)
  region size 1024K, 1 young (1024K), 1 survivors (1024K)
 Metaspace       used 29153K, committed 29568K, reserved 1114112K
  class space    used 3355K, committed 3584K, reserved 1048576K
}

